Сборка начата 20.09.2016 0:33:46.
     1>Проект "c:\Users\Angela\documents\visual studio 2015\Projects\Lab03_OOP\Lab03_OOP\Lab03_OOP.vcxproj" в узле 2 (целевые объекты Build).
     1>PrepareForBuild:
         Создание каталога "c:\users\angela\documents\visual studio 2015\Projects\Lab03_OOP\Release\".
         Создание каталога "Release\Lab03_OOP.tlog\".
       InitializeBuildStatus:
         Создание "Release\Lab03_OOP.tlog\unsuccessfulbuild", так как было задано "AlwaysCreate".
       ClCompile:
         C:\Program Files\Microsoft Visual Studio 14.0\VC\bin\CL.exe /c /Zi /nologo /W3 /WX- /sdl /O2 /Oi /Oy- /GL /D WIN32 /D NDEBUG /D _CONSOLE /D _UNICODE /D UNICODE /Gm- /EHsc /MD /GS /Gy /fp:precise /Zc:wchar_t /Zc:forScope /Zc:inline /Yc"stdafx.h" /Fp"Release\Lab03_OOP.pch" /Fo"Release\\" /Fd"Release\vc140.pdb" /Gd /TP /analyze- /errorReport:prompt stdafx.cpp
         stdafx.cpp
         C:\Program Files\Microsoft Visual Studio 14.0\VC\bin\CL.exe /c /Zi /nologo /W3 /WX- /sdl /O2 /Oi /Oy- /GL /D WIN32 /D NDEBUG /D _CONSOLE /D _UNICODE /D UNICODE /Gm- /EHsc /MD /GS /Gy /fp:precise /Zc:wchar_t /Zc:forScope /Zc:inline /Yu"stdafx.h" /Fp"Release\Lab03_OOP.pch" /Fo"Release\\" /Fd"Release\vc140.pdb" /Gd /TP /analyze- /errorReport:prompt Candy.cpp Chocolate_candy.cpp Cookie.cpp Karamel.cpp Kond_izd.cpp Lab03_OOP.cpp
         Candy.cpp
         Chocolate_candy.cpp
         Cookie.cpp
         Karamel.cpp
         Kond_izd.cpp
         Lab03_OOP.cpp
       Link:
         C:\Program Files\Microsoft Visual Studio 14.0\VC\bin\link.exe /ERRORREPORT:PROMPT /OUT:"c:\users\angela\documents\visual studio 2015\Projects\Lab03_OOP\Release\Lab03_OOP.exe" /INCREMENTAL:NO /NOLOGO kernel32.lib user32.lib gdi32.lib winspool.lib comdlg32.lib advapi32.lib shell32.lib ole32.lib oleaut32.lib uuid.lib odbc32.lib odbccp32.lib /MANIFEST /MANIFESTUAC:"level='asInvoker' uiAccess='false'" /manifest:embed /DEBUG /PDB:"c:\users\angela\documents\visual studio 2015\Projects\Lab03_OOP\Release\Lab03_OOP.pdb" /SUBSYSTEM:CONSOLE /OPT:REF /OPT:ICF /LTCG:incremental /TLBID:1 /DYNAMICBASE /NXCOMPAT /IMPLIB:"c:\users\angela\documents\visual studio 2015\Projects\Lab03_OOP\Release\Lab03_OOP.lib" /MACHINE:X86 /SAFESEH Release\Candy.obj
         Release\Chocolate_candy.obj
         Release\Cookie.obj
         Release\Karamel.obj
         Release\Kond_izd.obj
         Release\Lab03_OOP.obj
         Release\stdafx.obj
         Создание кода
         Создание кода завершено
         All 1 functions were compiled because no usable IPDB/IOBJ from previous compilation was found.
         Lab03_OOP.vcxproj -> c:\users\angela\documents\visual studio 2015\Projects\Lab03_OOP\Release\Lab03_OOP.exe
         Lab03_OOP.vcxproj -> c:\users\angela\documents\visual studio 2015\Projects\Lab03_OOP\Release\Lab03_OOP.pdb (Full PDB)
       FinalizeBuildStatus:
         Файл "Release\Lab03_OOP.tlog\unsuccessfulbuild" удаляется.
         Обращение к "Release\Lab03_OOP.tlog\Lab03_OOP.lastbuildstate".
     1>Сборка проекта "c:\Users\Angela\documents\visual studio 2015\Projects\Lab03_OOP\Lab03_OOP\Lab03_OOP.vcxproj" завершена (целевые объекты Build).

Сборка успешно завершена.

Затраченное время: 00:00:07.23
