Сборка начата 05.11.2016 9:26:31.
     1>Проект "C:\Users\Angela\Documents\Visual Studio 2015\Projects\Lab08_OOP\Lab08_OOP\Lab08_OOP.vcxproj" в узле 2 (целевые объекты Build).
     1>InitializeBuildStatus:
         Создание "Debug\Lab08_OOP.tlog\unsuccessfulbuild", так как было задано "AlwaysCreate".
       ClCompile:
         Для всех выходных данных обновления не требуется.
         C:\Program Files\Microsoft Visual Studio 14.0\VC\bin\CL.exe /c /ZI /nologo /W3 /WX- /sdl /Od /Oy- /D WIN32 /D _DEBUG /D _CONSOLE /D _UNICODE /D UNICODE /Gm /EHsc /RTC1 /MDd /GS /fp:precise /Zc:wchar_t /Zc:forScope /Zc:inline /Yu"stdafx.h" /Fp"Debug\Lab08_OOP.pch" /Fo"Debug\\" /Fd"Debug\vc140.pdb" /Gd /TP /analyze- /errorReport:prompt Class.cpp Exeptions.cpp Lab08_OOP.cpp
         Lab08_OOP.cpp
         Создание кода...
         Компиляция...
         Exeptions.cpp
         Class.cpp
         Создание кода...
       Link:
         C:\Program Files\Microsoft Visual Studio 14.0\VC\bin\link.exe /ERRORREPORT:PROMPT /OUT:"C:\Users\Angela\Documents\Visual Studio 2015\Projects\Lab08_OOP\Debug\Lab08_OOP.exe" /INCREMENTAL /NOLOGO kernel32.lib user32.lib gdi32.lib winspool.lib comdlg32.lib advapi32.lib shell32.lib ole32.lib oleaut32.lib uuid.lib odbc32.lib odbccp32.lib /MANIFEST /MANIFESTUAC:"level='asInvoker' uiAccess='false'" /manifest:embed /DEBUG /PDB:"C:\Users\Angela\Documents\Visual Studio 2015\Projects\Lab08_OOP\Debug\Lab08_OOP.pdb" /SUBSYSTEM:CONSOLE /TLBID:1 /DYNAMICBASE /NXCOMPAT /IMPLIB:"C:\Users\Angela\Documents\Visual Studio 2015\Projects\Lab08_OOP\Debug\Lab08_OOP.lib" /MACHINE:X86 Debug\Class.obj
         Debug\Exeptions.obj
         Debug\Lab08_OOP.obj
         Debug\stdafx.obj
         Lab08_OOP.vcxproj -> C:\Users\Angela\Documents\Visual Studio 2015\Projects\Lab08_OOP\Debug\Lab08_OOP.exe
         Lab08_OOP.vcxproj -> C:\Users\Angela\Documents\Visual Studio 2015\Projects\Lab08_OOP\Debug\Lab08_OOP.pdb (Full PDB)
       FinalizeBuildStatus:
         Файл "Debug\Lab08_OOP.tlog\unsuccessfulbuild" удаляется.
         Обращение к "Debug\Lab08_OOP.tlog\Lab08_OOP.lastbuildstate".
     1>Сборка проекта "C:\Users\Angela\Documents\Visual Studio 2015\Projects\Lab08_OOP\Lab08_OOP\Lab08_OOP.vcxproj" завершена (целевые объекты Build).

Сборка успешно завершена.

Затраченное время: 00:00:02.00
