Сборка начата 24.10.2016 19:02:58.
     1>Проект "C:\Users\Angela\Documents\Visual Studio 2015\Projects\Lab03_OOP\Lab03_OOP\Lab03_OOP.vcxproj" в узле 2 (целевые объекты Build).
     1>InitializeBuildStatus:
         Обращение к "x64\Debug\Lab03_OOP.tlog\unsuccessfulbuild".
       ClCompile:
         Для всех выходных данных обновления не требуется.
         C:\Program Files\Microsoft Visual Studio 14.0\VC\bin\x86_amd64\CL.exe /c /ZI /nologo /W3 /WX- /sdl /Od /D _DEBUG /D _CONSOLE /D _UNICODE /D UNICODE /Gm /EHsc /RTC1 /MDd /GS /fp:precise /Zc:wchar_t /Zc:forScope /Zc:inline /Yu"stdafx.h" /Fp"x64\Debug\Lab03_OOP.pch" /Fo"x64\Debug\\" /Fd"x64\Debug\vc140.pdb" /Gd /TP /errorReport:prompt Child_present.cpp
         Child_present.cpp
       Link:
         C:\Program Files\Microsoft Visual Studio 14.0\VC\bin\x86_amd64\link.exe /ERRORREPORT:PROMPT /OUT:"C:\Users\Angela\Documents\Visual Studio 2015\Projects\Lab03_OOP\x64\Debug\Lab03_OOP.exe" /INCREMENTAL /NOLOGO kernel32.lib user32.lib gdi32.lib winspool.lib comdlg32.lib advapi32.lib shell32.lib ole32.lib oleaut32.lib uuid.lib odbc32.lib odbccp32.lib /MANIFEST /MANIFESTUAC:"level='asInvoker' uiAccess='false'" /manifest:embed /DEBUG /PDB:"C:\Users\Angela\Documents\Visual Studio 2015\Projects\Lab03_OOP\x64\Debug\Lab03_OOP.pdb" /SUBSYSTEM:CONSOLE /TLBID:1 /DYNAMICBASE /NXCOMPAT /IMPLIB:"C:\Users\Angela\Documents\Visual Studio 2015\Projects\Lab03_OOP\x64\Debug\Lab03_OOP.lib" /MACHINE:X64 x64\Debug\Candy.obj
         x64\Debug\Child_present.obj
         x64\Debug\Chocolate_candy.obj
         x64\Debug\Cookie.obj
         x64\Debug\Ice_Cream.obj
         x64\Debug\Karamel.obj
         x64\Debug\Kond_izd.obj
         x64\Debug\Lab03_OOP.obj
         x64\Debug\Plombir.obj
         x64\Debug\Printer.obj
         x64\Debug\stdafx.obj
         Lab03_OOP.vcxproj -> C:\Users\Angela\Documents\Visual Studio 2015\Projects\Lab03_OOP\x64\Debug\Lab03_OOP.exe
         Lab03_OOP.vcxproj -> C:\Users\Angela\Documents\Visual Studio 2015\Projects\Lab03_OOP\x64\Debug\Lab03_OOP.pdb (Full PDB)
       FinalizeBuildStatus:
         Файл "x64\Debug\Lab03_OOP.tlog\unsuccessfulbuild" удаляется.
         Обращение к "x64\Debug\Lab03_OOP.tlog\Lab03_OOP.lastbuildstate".
     1>Сборка проекта "C:\Users\Angela\Documents\Visual Studio 2015\Projects\Lab03_OOP\Lab03_OOP\Lab03_OOP.vcxproj" завершена (целевые объекты Build).

Сборка успешно завершена.

Затраченное время: 00:00:04.04
